<?xml version="1.0" encoding="UTF-8"?>
<!-- Generated by org.testng.reporters.JUnitReportReporter -->
<testsuite hostname="DESKTOP-1C1NRN8" failures="0" tests="1" name="neoStoxTest.validateneostoxUsername" time="30.303" errors="0" timestamp="2022-12-13T11:12:01 IST" skipped="0">
  <testcase classname="neoStoxTest.validateneostoxUsername" name="validateUserID" time="30.303"/>
  <system-out>
    <![CDATA[WATING FOR3000ms
getting actual user name
Actual user name isYogendra Joshi
ReadinguserNamefrom property file]]>
  </system-out>
</testsuite> <!-- neoStoxTest.validateneostoxUsername -->
